<?xml version="1.0" encoding="UTF-8" ?>
<testsuites>
  <testsuite failures="1" hostname="ibm-saurabhkumar" id="0" name="gitexample/tests" package="" skipped="0" tests="1" time="162.725" timestamp="Mon Apr 11 14:27:42 IST 2022">
	    <properties>
		      <property name="excludeCallableTestCases" value="false" />

		      <property name="testEnvironment" value="" />

		      <property name="pluginOutputLevel" value="WARNING" />

		      <property name="projectPath" value=".." />

		      <property name="salesforceMetadataCache" value="Reuse" />

		      <property name="resultsPathDisposition" value="Increment" />

		      <property name="testOutputLevel" value="INFO" />

		      <property name="webBrowserType" value="Chrome" />

		      <property name="resultsPath" value="../ANT/Results" />

		      <property name="webBrowserConfiguration" value="Full Screen" />

		      <property name="projectCachePath" value="C:\Users\saurabh.kumar\Provar\githubactionsprac\gitexample\ANT\..\..\.provarCaches" />

	    </properties>

	    <testcase classname="tests/Test Case 1.testcase" name="Test Case 1.testcase" time="158.459">
		      <failure message="Execution failed"><![CDATA[The control was not found.  Locator: By.xpath: //div[contains(@class,'bRelatedList')][1]//input[@name='new' or (contains(@name,'__new') and not(substring-after(@name,'__new')))]]]></failure>

	    </testcase>

  </testsuite>
</testsuites>
